<?xml version="1.0" encoding="UTF-8"?>
<testsuite xmlns:xsi="http://www.w3.org/2001/XMLSchema-instance" xsi:noNamespaceSchemaLocation="https://maven.apache.org/surefire/maven-surefire-plugin/xsd/surefire-test-report.xsd" version="3.0.2" name="com.soufo.api.controller.AuthControllerTest" time="0.888" tests="1" errors="1" skipped="0" failures="0" flakes="0">
  <properties>
[...]
</properties>
  <testcase name="testLoginEndpointExists" classname="com.soufo.api.controller.AuthControllerTest" time="0.017">
    <error message="Unresolved compilation problems: &#10;	The import org.springframework.boot.test.autoconfigure.web cannot be resolved&#10;	AutoConfigureMockMvc cannot be resolved to a type&#10;" type="java.lang.Error"><![CDATA[java.lang.Error: 
Unresolved compilation problems: 
	The import org.springframework.boot.test.autoconfigure.web cannot be resolved
	AutoConfigureMockMvc cannot be resolved to a type

	at com.soufo.api.controller.AuthControllerTest.<init>(AuthControllerTest.java:8)
]]></error>
    <system-out><![CDATA[01:35:48.319 [main] INFO org.springframework.test.context.support.AnnotationConfigContextLoaderUtils -- Could not detect default configuration classes for test class [com.soufo.api.controller.AuthControllerTest]: AuthControllerTest does not declare any static, non-private, non-final, nested classes annotated with @Configuration.
01:35:48.591 [main] INFO org.springframework.boot.test.context.SpringBootTestContextBootstrapper -- Found @SpringBootConfiguration com.soufo.api.SoufoApiApplication for test class com.soufo.api.controller.AuthControllerTest
01:35:48.777 [main] INFO org.springframework.test.context.support.AnnotationConfigContextLoaderUtils -- Could not detect default configuration classes for test class [com.soufo.api.controller.AuthControllerTest]: AuthControllerTest does not declare any static, non-private, non-final, nested classes annotated with @Configuration.
01:35:48.778 [main] INFO org.springframework.boot.test.context.SpringBootTestContextBootstrapper -- Found @SpringBootConfiguration com.soufo.api.SoufoApiApplication for test class com.soufo.api.controller.AuthControllerTest
]]></system-out>
  </testcase>
</testsuite>